<?xml version="1.0" encoding="UTF-8" ?>
<testsuite tests="31" failures="0" name="santanjm.blokus.NominoTest" time="0.326" errors="0" skipped="0">
  <properties>
[...]
</properties>
  <testcase classname="santanjm.blokus.NominoTest" name="testNotNullSides" time="0.01"/>
  <testcase classname="santanjm.blokus.NominoTest" name="testDuplicate1" time="0.03"/>
  <testcase classname="santanjm.blokus.NominoTest" name="testRotateSquare" time="0.003"/>
  <testcase classname="santanjm.blokus.NominoTest" name="testSearchAll1" time="0.009"/>
  <testcase classname="santanjm.blokus.NominoTest" name="testSearchAll2" time="0.007"/>
  <testcase classname="santanjm.blokus.NominoTest" name="testReflectSquarePlusRightLeft" time="0.012"/>
  <testcase classname="santanjm.blokus.NominoTest" name="testCopy" time="0.012"/>
  <testcase classname="santanjm.blokus.NominoTest" name="testFind" time="0.02"/>
  <testcase classname="santanjm.blokus.NominoTest" name="testWalk" time="0.008"/>
  <testcase classname="santanjm.blokus.NominoTest" name="testAttach1" time="0.003"/>
  <testcase classname="santanjm.blokus.NominoTest" name="testAttach2" time="0.016"/>
  <testcase classname="santanjm.blokus.NominoTest" name="testAttach3" time="0.007"/>
  <testcase classname="santanjm.blokus.NominoTest" name="testAttach4" time="0.008"/>
  <testcase classname="santanjm.blokus.NominoTest" name="testAttach5" time="0.003"/>
  <testcase classname="santanjm.blokus.NominoTest" name="testToString" time="0.021"/>
  <testcase classname="santanjm.blokus.NominoTest" name="testTravelToEnd" time="0.01"/>
  <testcase classname="santanjm.blokus.NominoTest" name="testReflectSquarePlusTopBottom" time="0.012"/>
  <testcase classname="santanjm.blokus.NominoTest" name="testFindPath" time="0.019"/>
  <testcase classname="santanjm.blokus.NominoTest" name="testReflectSquarePlus1" time="0.018"/>
  <testcase classname="santanjm.blokus.NominoTest" name="testMoveMonomino" time="0.009"/>
  <testcase classname="santanjm.blokus.NominoTest" name="testReflect" time="0.006"/>
  <testcase classname="santanjm.blokus.NominoTest" name="testSetCoords" time="0.015"/>
  <testcase classname="santanjm.blokus.NominoTest" name="testSquarePlusWalk" time="0.011"/>
  <testcase classname="santanjm.blokus.NominoTest" name="testRotateCross" time="0.003"/>
  <testcase classname="santanjm.blokus.NominoTest" name="testDetach" time="0.023"/>
  <testcase classname="santanjm.blokus.NominoTest" name="testMoveDomino" time="0.009"/>
  <testcase classname="santanjm.blokus.NominoTest" name="testSearch1" time="0.003"/>
  <testcase classname="santanjm.blokus.NominoTest" name="testSearch2" time="0.009"/>
  <testcase classname="santanjm.blokus.NominoTest" name="testRotate" time="0.005"/>
  <testcase classname="santanjm.blokus.NominoTest" name="testNullSides" time="0.002"/>
  <testcase classname="santanjm.blokus.NominoTest" name="testSearchAllUnique" time="0.003"/>
</testsuite>